#
# There is insufficient memory for the Java Runtime Environment to continue.
# Native memory allocation (malloc) failed to allocate 142816 bytes for Chunk::new
# Possible reasons:
#   The system is out of physical RAM or swap space
#   The process is running with CompressedOops enabled, and the Java Heap may be blocking the growth of the native heap
# Possible solutions:
#   Reduce memory load on the system
#   Increase physical memory or swap space
#   Check if swap backing store is full
#   Decrease Java heap size (-Xmx/-Xms)
#   Decrease number of Java threads
#   Decrease Java thread stack sizes (-Xss)
#   Set larger code cache with -XX:ReservedCodeCacheSize=
#   JVM is running with Unscaled Compressed Oops mode in which the Java heap is
#     placed in the first 4GB address space. The Java Heap base address is the
#     maximum limit for the native heap growth. Please use -XX:HeapBaseMinAddress
#     to set the Java Heap base and to place the Java Heap above 4GB virtual address.
# This output file may be truncated or incomplete.
#
#  Out of Memory Error (arena.cpp:195), pid=12132, tid=5572
#
# JRE version: Java(TM) SE Runtime Environment (16.0.2+7) (build 16.0.2+7-67)
# Java VM: Java HotSpot(TM) 64-Bit Server VM (16.0.2+7-67, mixed mode, sharing, tiered, compressed oops, compressed class ptrs, g1 gc, windows-amd64)
# No core dump will be written. Minidumps are not enabled by default on client versions of Windows
#

---------------  S U M M A R Y ------------

Command Line: -Dorg.gradle.internal.worker.tmpdir=C:\Users\Seyf_GOUMEIDA\IdeaProjects\kata\build\tmp\test\work -Dorg.gradle.native=false --add-opens=java.base/java.util=ALL-UNNAMED --add-opens=java.base/java.lang=ALL-UNNAMED -Xmx512m -Dfile.encoding=windows-1252 -Duser.country=US -Duser.language=en -Duser.variant -ea worker.org.gradle.process.internal.worker.GradleWorkerMain 'Gradle Test Executor 1'

Host: Intel(R) Core(TM) i3-10110U CPU @ 2.10GHz, 4 cores, 7G,  Windows 10 , 64 bit Build 22000 (10.0.22000.613)
Time: Fri Apr 22 18:07:18 2022 Romance Daylight Time elapsed time: 2.100254 seconds (0d 0h 0m 2s)

---------------  T H R E A D  ---------------

Current thread (0x000001847e7176c0):  JavaThread "C2 CompilerThread0" daemon [_thread_in_native, id=5572, stack(0x00000065ab000000,0x00000065ab100000)]


Current CompileTask:
C2:   2100 1820       4       java.io.BufferedReader::fill (170 bytes)

Stack: [0x00000065ab000000,0x00000065ab100000]
Native frames: (J=compiled Java code, j=interpreted, Vv=VM code, C=native code)
V  [jvm.dll+0x6681ca]
V  [jvm.dll+0x7c9e69]
V  [jvm.dll+0x7cb61e]
V  [jvm.dll+0x7cbc73]
V  [jvm.dll+0x242c55]
V  [jvm.dll+0xadeba]
V  [jvm.dll+0xae45c]
V  [jvm.dll+0x2a4cdf]
V  [jvm.dll+0x573c29]
V  [jvm.dll+0x21e48e]
V  [jvm.dll+0x217476]
V  [jvm.dll+0x214ffc]
V  [jvm.dll+0x1a1beb]
V  [jvm.dll+0x225158]
V  [jvm.dll+0x22319c]
V  [jvm.dll+0x77fa62]
V  [jvm.dll+0x7795aa]
V  [jvm.dll+0x667066]
C  [ucrtbase.dll+0x26c0c]
C  [KERNEL32.DLL+0x154e0]
C  [ntdll.dll+0x485b]


---------------  P R O C E S S  ---------------

Threads class SMR info:
_java_thread_list=0x000001847f6ea730, length=15, elements={
0x0000018473822a00, 0x00000184738f3a20, 0x00000184738f4f90, 0x000001847e70e360,
0x000001847e710c80, 0x000001847e711590, 0x000001847e712de0, 0x000001847e7176c0,
0x000001847e7187b0, 0x000001847e71dcb0, 0x000001847f175100, 0x000001847f176040,
0x000001847f7c93e0, 0x000001847f7d60a0, 0x000001847f45f820
}

Java Threads: ( => current thread )
  0x0000018473822a00 JavaThread "Test worker" [_thread_in_Java, id=9192, stack(0x00000065aa300000,0x00000065aa400000)]
  0x00000184738f3a20 JavaThread "Reference Handler" daemon [_thread_blocked, id=7460, stack(0x00000065aaa00000,0x00000065aab00000)]
  0x00000184738f4f90 JavaThread "Finalizer" daemon [_thread_blocked, id=10504, stack(0x00000065aab00000,0x00000065aac00000)]
  0x000001847e70e360 JavaThread "Signal Dispatcher" daemon [_thread_blocked, id=12436, stack(0x00000065aac00000,0x00000065aad00000)]
  0x000001847e710c80 JavaThread "Attach Listener" daemon [_thread_blocked, id=4920, stack(0x00000065aad00000,0x00000065aae00000)]
  0x000001847e711590 JavaThread "Service Thread" daemon [_thread_blocked, id=16492, stack(0x00000065aae00000,0x00000065aaf00000)]
  0x000001847e712de0 JavaThread "Monitor Deflation Thread" daemon [_thread_blocked, id=15760, stack(0x00000065aaf00000,0x00000065ab000000)]
=>0x000001847e7176c0 JavaThread "C2 CompilerThread0" daemon [_thread_in_native, id=5572, stack(0x00000065ab000000,0x00000065ab100000)]
  0x000001847e7187b0 JavaThread "C1 CompilerThread0" daemon [_thread_blocked, id=8996, stack(0x00000065ab100000,0x00000065ab200000)]
  0x000001847e71dcb0 JavaThread "Sweeper thread" daemon [_thread_blocked, id=13976, stack(0x00000065ab200000,0x00000065ab300000)]
  0x000001847f175100 JavaThread "Common-Cleaner" daemon [_thread_blocked, id=9788, stack(0x00000065ab300000,0x00000065ab400000)]
  0x000001847f176040 JavaThread "Notification Thread" daemon [_thread_blocked, id=13808, stack(0x00000065ab400000,0x00000065ab500000)]
  0x000001847f7c93e0 JavaThread "/127.0.0.1:5822 to /127.0.0.1:5821 workers" [_thread_blocked, id=4208, stack(0x00000065ab700000,0x00000065ab800000)]
  0x000001847f7d60a0 JavaThread "/127.0.0.1:5822 to /127.0.0.1:5821 workers Thread 2" [_thread_blocked, id=14904, stack(0x00000065abc00000,0x00000065abd00000)]
  0x000001847f45f820 JavaThread "/127.0.0.1:5822 to /127.0.0.1:5821 workers Thread 3" [_thread_in_native, id=12680, stack(0x00000065abd00000,0x00000065abe00000)]

Other Threads:
  0x00000184738efa80 VMThread "VM Thread" [stack: 0x00000065aa900000,0x00000065aaa00000] [id=16448]
  0x000001847f179580 WatcherThread [stack: 0x00000065ab500000,0x00000065ab600000] [id=4504]
  0x0000018473847730 GCTaskThread "GC Thread#0" [stack: 0x00000065aa400000,0x00000065aa500000] [id=13784]
  0x000001847f1aa720 GCTaskThread "GC Thread#1" [stack: 0x00000065ab800000,0x00000065ab900000] [id=11328]
  0x000001847f7ae590 GCTaskThread "GC Thread#2" [stack: 0x00000065ab900000,0x00000065aba00000] [id=12868]
  0x000001847f7b85b0 GCTaskThread "GC Thread#3" [stack: 0x00000065aba00000,0x00000065abb00000] [id=3836]
  0x000001847384c680 ConcurrentGCThread "G1 Main Marker" [stack: 0x00000065aa500000,0x00000065aa600000] [id=15244]
  0x000001847384e7b0 ConcurrentGCThread "G1 Conc#0" [stack: 0x00000065aa600000,0x00000065aa700000] [id=11200]
  0x00000184738c6490 ConcurrentGCThread "G1 Refine#0" [stack: 0x00000065aa700000,0x00000065aa800000] [id=13756]
  0x000001847f726b70 ConcurrentGCThread "G1 Refine#1" [stack: 0x00000065abb00000,0x00000065abc00000] [id=14448]
  0x00000184738c7e30 ConcurrentGCThread "G1 Service" [stack: 0x00000065aa800000,0x00000065aa900000] [id=3788]

Threads with active compile tasks:
C2 CompilerThread0     2129 1820       4       java.io.BufferedReader::fill (170 bytes)

VM state: not at safepoint (normal execution)

VM Mutex/Monitor currently owned by a thread: None

Heap address: 0x00000000e0000000, size: 512 MB, Compressed Oops mode: 32-bit

CDS archive(s) mapped at: [0x0000000800000000-0x0000000800bb0000-0x0000000800bb0000), size 12255232, SharedBaseAddress: 0x0000000800000000, ArchiveRelocationMode: 0.
Compressed class space mapped at: 0x0000000800c00000-0x0000000840c00000, reserved size: 1073741824
Narrow klass base: 0x0000000800000000, Narrow klass shift: 3, Narrow klass range: 0x100000000

GC Precious Log:
 CPUs: 4 total, 4 available
 Memory: 7953M
 Large Page Support: Disabled
 NUMA Support: Disabled
 Compressed Oops: Enabled (32-bit)
 Heap Region Size: 1M
 Heap Min Capacity: 8M
 Heap Initial Capacity: 126M
 Heap Max Capacity: 512M
 Pre-touch: Disabled
 Parallel Workers: 4
 Concurrent Workers: 1
 Concurrent Refinement Workers: 4
 Periodic GC: Disabled

Heap:
 garbage-first heap   total 129024K, used 20291K [0x00000000e0000000, 0x0000000100000000)
  region size 1024K, 17 young (17408K), 1 survivors (1024K)
 Metaspace       used 8580K, committed 8832K, reserved 1056768K
  class space    used 1087K, committed 1216K, reserved 1048576K

Heap Regions: E=young(eden), S=young(survivor), O=old, HS=humongous(starts), HC=humongous(continues), CS=collection set, F=free, OA=open archive, CA=closed archive, TAMS=top-at-mark-start (previous, next)
|   0|0x00000000e0000000, 0x00000000e0100000, 0x00000000e0100000|100%| O|  |TAMS 0x00000000e0000000, 0x00000000e0000000| Untracked 
|   1|0x00000000e0100000, 0x00000000e0200000, 0x00000000e0200000|100%| O|  |TAMS 0x00000000e0100000, 0x00000000e0100000| Untracked 
|   2|0x00000000e0200000, 0x00000000e0300000, 0x00000000e0300000|100%| O|  |TAMS 0x00000000e0200000, 0x00000000e0200000| Untracked 
|   3|0x00000000e0300000, 0x00000000e0400000, 0x00000000e0400000|100%| O|  |TAMS 0x00000000e0300000, 0x00000000e0300000| Untracked 
|   4|0x00000000e0400000, 0x00000000e0415600, 0x00000000e0500000|  8%| O|  |TAMS 0x00000000e0400000, 0x00000000e0400000| Untracked 
|   5|0x00000000e0500000, 0x00000000e0500000, 0x00000000e0600000|  0%| F|  |TAMS 0x00000000e0500000, 0x00000000e0500000| Untracked 
|   6|0x00000000e0600000, 0x00000000e0600000, 0x00000000e0700000|  0%| F|  |TAMS 0x00000000e0600000, 0x00000000e0600000| Untracked 
|   7|0x00000000e0700000, 0x00000000e0700000, 0x00000000e0800000|  0%| F|  |TAMS 0x00000000e0700000, 0x00000000e0700000| Untracked 
|   8|0x00000000e0800000, 0x00000000e0800000, 0x00000000e0900000|  0%| F|  |TAMS 0x00000000e0800000, 0x00000000e0800000| Untracked 
|   9|0x00000000e0900000, 0x00000000e0900000, 0x00000000e0a00000|  0%| F|  |TAMS 0x00000000e0900000, 0x00000000e0900000| Untracked 
|  10|0x00000000e0a00000, 0x00000000e0a00000, 0x00000000e0b00000|  0%| F|  |TAMS 0x00000000e0a00000, 0x00000000e0a00000| Untracked 
|  11|0x00000000e0b00000, 0x00000000e0b00000, 0x00000000e0c00000|  0%| F|  |TAMS 0x00000000e0b00000, 0x00000000e0b00000| Untracked 
|  12|0x00000000e0c00000, 0x00000000e0c00000, 0x00000000e0d00000|  0%| F|  |TAMS 0x00000000e0c00000, 0x00000000e0c00000| Untracked 
|  13|0x00000000e0d00000, 0x00000000e0d00000, 0x00000000e0e00000|  0%| F|  |TAMS 0x00000000e0d00000, 0x00000000e0d00000| Untracked 
|  14|0x00000000e0e00000, 0x00000000e0e00000, 0x00000000e0f00000|  0%| F|  |TAMS 0x00000000e0e00000, 0x00000000e0e00000| Untracked 
|  15|0x00000000e0f00000, 0x00000000e0f00000, 0x00000000e1000000|  0%| F|  |TAMS 0x00000000e0f00000, 0x00000000e0f00000| Untracked 
|  16|0x00000000e1000000, 0x00000000e1000000, 0x00000000e1100000|  0%| F|  |TAMS 0x00000000e1000000, 0x00000000e1000000| Untracked 
|  17|0x00000000e1100000, 0x00000000e1100000, 0x00000000e1200000|  0%| F|  |TAMS 0x00000000e1100000, 0x00000000e1100000| Untracked 
|  18|0x00000000e1200000, 0x00000000e1200000, 0x00000000e1300000|  0%| F|  |TAMS 0x00000000e1200000, 0x00000000e1200000| Untracked 
|  19|0x00000000e1300000, 0x00000000e1300000, 0x00000000e1400000|  0%| F|  |TAMS 0x00000000e1300000, 0x00000000e1300000| Untracked 
|  20|0x00000000e1400000, 0x00000000e1400000, 0x00000000e1500000|  0%| F|  |TAMS 0x00000000e1400000, 0x00000000e1400000| Untracked 
|  21|0x00000000e1500000, 0x00000000e1500000, 0x00000000e1600000|  0%| F|  |TAMS 0x00000000e1500000, 0x00000000e1500000| Untracked 
|  22|0x00000000e1600000, 0x00000000e1600000, 0x00000000e1700000|  0%| F|  |TAMS 0x00000000e1600000, 0x00000000e1600000| Untracked 
|  23|0x00000000e1700000, 0x00000000e1700000, 0x00000000e1800000|  0%| F|  |TAMS 0x00000000e1700000, 0x00000000e1700000| Untracked 
|  24|0x00000000e1800000, 0x00000000e1800000, 0x00000000e1900000|  0%| F|  |TAMS 0x00000000e1800000, 0x00000000e1800000| Untracked 
|  25|0x00000000e1900000, 0x00000000e1900000, 0x00000000e1a00000|  0%| F|  |TAMS 0x00000000e1900000, 0x00000000e1900000| Untracked 
|  26|0x00000000e1a00000, 0x00000000e1a00000, 0x00000000e1b00000|  0%| F|  |TAMS 0x00000000e1a00000, 0x00000000e1a00000| Untracked 
|  27|0x00000000e1b00000, 0x00000000e1b00000, 0x00000000e1c00000|  0%| F|  |TAMS 0x00000000e1b00000, 0x00000000e1b00000| Untracked 
|  28|0x00000000e1c00000, 0x00000000e1c00000, 0x00000000e1d00000|  0%| F|  |TAMS 0x00000000e1c00000, 0x00000000e1c00000| Untracked 
|  29|0x00000000e1d00000, 0x00000000e1d00000, 0x00000000e1e00000|  0%| F|  |TAMS 0x00000000e1d00000, 0x00000000e1d00000| Untracked 
|  30|0x00000000e1e00000, 0x00000000e1e00000, 0x00000000e1f00000|  0%| F|  |TAMS 0x00000000e1e00000, 0x00000000e1e00000| Untracked 
|  31|0x00000000e1f00000, 0x00000000e1f00000, 0x00000000e2000000|  0%| F|  |TAMS 0x00000000e1f00000, 0x00000000e1f00000| Untracked 
|  32|0x00000000e2000000, 0x00000000e2000000, 0x00000000e2100000|  0%| F|  |TAMS 0x00000000e2000000, 0x00000000e2000000| Untracked 
|  33|0x00000000e2100000, 0x00000000e2100000, 0x00000000e2200000|  0%| F|  |TAMS 0x00000000e2100000, 0x00000000e2100000| Untracked 
|  34|0x00000000e2200000, 0x00000000e2200000, 0x00000000e2300000|  0%| F|  |TAMS 0x00000000e2200000, 0x00000000e2200000| Untracked 
|  35|0x00000000e2300000, 0x00000000e2300000, 0x00000000e2400000|  0%| F|  |TAMS 0x00000000e2300000, 0x00000000e2300000| Untracked 
|  36|0x00000000e2400000, 0x00000000e2400000, 0x00000000e2500000|  0%| F|  |TAMS 0x00000000e2400000, 0x00000000e2400000| Untracked 
|  37|0x00000000e2500000, 0x00000000e2500000, 0x00000000e2600000|  0%| F|  |TAMS 0x00000000e2500000, 0x00000000e2500000| Untracked 
|  38|0x00000000e2600000, 0x00000000e2600000, 0x00000000e2700000|  0%| F|  |TAMS 0x00000000e2600000, 0x00000000e2600000| Untracked 
|  39|0x00000000e2700000, 0x00000000e2700000, 0x00000000e2800000|  0%| F|  |TAMS 0x00000000e2700000, 0x00000000e2700000| Untracked 
|  40|0x00000000e2800000, 0x00000000e2800000, 0x00000000e2900000|  0%| F|  |TAMS 0x00000000e2800000, 0x00000000e2800000| Untracked 
|  41|0x00000000e2900000, 0x00000000e2900000, 0x00000000e2a00000|  0%| F|  |TAMS 0x00000000e2900000, 0x00000000e2900000| Untracked 
|  42|0x00000000e2a00000, 0x00000000e2a00000, 0x00000000e2b00000|  0%| F|  |TAMS 0x00000000e2a00000, 0x00000000e2a00000| Untracked 
|  43|0x00000000e2b00000, 0x00000000e2b00000, 0x00000000e2c00000|  0%| F|  |TAMS 0x00000000e2b00000, 0x00000000e2b00000| Untracked 
|  44|0x00000000e2c00000, 0x00000000e2c00000, 0x00000000e2d00000|  0%| F|  |TAMS 0x00000000e2c00000, 0x00000000e2c00000| Untracked 
|  45|0x00000000e2d00000, 0x00000000e2d00000, 0x00000000e2e00000|  0%| F|  |TAMS 0x00000000e2d00000, 0x00000000e2d00000| Untracked 
|  46|0x00000000e2e00000, 0x00000000e2e00000, 0x00000000e2f00000|  0%| F|  |TAMS 0x00000000e2e00000, 0x00000000e2e00000| Untracked 
|  47|0x00000000e2f00000, 0x00000000e2f00000, 0x00000000e3000000|  0%| F|  |TAMS 0x00000000e2f00000, 0x00000000e2f00000| Untracked 
|  48|0x00000000e3000000, 0x00000000e3000000, 0x00000000e3100000|  0%| F|  |TAMS 0x00000000e3000000, 0x00000000e3000000| Untracked 
|  49|0x00000000e3100000, 0x00000000e3100000, 0x00000000e3200000|  0%| F|  |TAMS 0x00000000e3100000, 0x00000000e3100000| Untracked 
|  50|0x00000000e3200000, 0x00000000e3200000, 0x00000000e3300000|  0%| F|  |TAMS 0x00000000e3200000, 0x00000000e3200000| Untracked 
|  51|0x00000000e3300000, 0x00000000e3300000, 0x00000000e3400000|  0%| F|  |TAMS 0x00000000e3300000, 0x00000000e3300000| Untracked 
|  52|0x00000000e3400000, 0x00000000e3400000, 0x00000000e3500000|  0%| F|  |TAMS 0x00000000e3400000, 0x00000000e3400000| Untracked 
|  53|0x00000000e3500000, 0x00000000e3500000, 0x00000000e3600000|  0%| F|  |TAMS 0x00000000e3500000, 0x00000000e3500000| Untracked 
|  54|0x00000000e3600000, 0x00000000e3600000, 0x00000000e3700000|  0%| F|  |TAMS 0x00000000e3600000, 0x00000000e3600000| Untracked 
|  55|0x00000000e3700000, 0x00000000e3700000, 0x00000000e3800000|  0%| F|  |TAMS 0x00000000e3700000, 0x00000000e3700000| Untracked 
|  56|0x00000000e3800000, 0x00000000e3800000, 0x00000000e3900000|  0%| F|  |TAMS 0x00000000e3800000, 0x00000000e3800000| Untracked 
|  57|0x00000000e3900000, 0x00000000e3900000, 0x00000000e3a00000|  0%| F|  |TAMS 0x00000000e3900000, 0x00000000e3900000| Untracked 
|  58|0x00000000e3a00000, 0x00000000e3a00000, 0x00000000e3b00000|  0%| F|  |TAMS 0x00000000e3a00000, 0x00000000e3a00000| Untracked 
|  59|0x00000000e3b00000, 0x00000000e3b00000, 0x00000000e3c00000|  0%| F|  |TAMS 0x00000000e3b00000, 0x00000000e3b00000| Untracked 
|  60|0x00000000e3c00000, 0x00000000e3c00000, 0x00000000e3d00000|  0%| F|  |TAMS 0x00000000e3c00000, 0x00000000e3c00000| Untracked 
|  61|0x00000000e3d00000, 0x00000000e3d00000, 0x00000000e3e00000|  0%| F|  |TAMS 0x00000000e3d00000, 0x00000000e3d00000| Untracked 
|  62|0x00000000e3e00000, 0x00000000e3e00000, 0x00000000e3f00000|  0%| F|  |TAMS 0x00000000e3e00000, 0x00000000e3e00000| Untracked 
|  63|0x00000000e3f00000, 0x00000000e3f00000, 0x00000000e4000000|  0%| F|  |TAMS 0x00000000e3f00000, 0x00000000e3f00000| Untracked 
|  64|0x00000000e4000000, 0x00000000e4000000, 0x00000000e4100000|  0%| F|  |TAMS 0x00000000e4000000, 0x00000000e4000000| Untracked 
|  65|0x00000000e4100000, 0x00000000e4100000, 0x00000000e4200000|  0%| F|  |TAMS 0x00000000e4100000, 0x00000000e4100000| Untracked 
|  66|0x00000000e4200000, 0x00000000e4200000, 0x00000000e4300000|  0%| F|  |TAMS 0x00000000e4200000, 0x00000000e4200000| Untracked 
|  67|0x00000000e4300000, 0x00000000e4300000, 0x00000000e4400000|  0%| F|  |TAMS 0x00000000e4300000, 0x00000000e4300000| Untracked 
|  68|0x00000000e4400000, 0x00000000e4400000, 0x00000000e4500000|  0%| F|  |TAMS 0x00000000e4400000, 0x00000000e4400000| Untracked 
|  69|0x00000000e4500000, 0x00000000e4500000, 0x00000000e4600000|  0%| F|  |TAMS 0x00000000e4500000, 0x00000000e4500000| Untracked 
|  70|0x00000000e4600000, 0x00000000e4600000, 0x00000000e4700000|  0%| F|  |TAMS 0x00000000e4600000, 0x00000000e4600000| Untracked 
|  71|0x00000000e4700000, 0x00000000e4700000, 0x00000000e4800000|  0%| F|  |TAMS 0x00000000e4700000, 0x00000000e4700000| Untracked 
|  72|0x00000000e4800000, 0x00000000e4800000, 0x00000000e4900000|  0%| F|  |TAMS 0x00000000e4800000, 0x00000000e4800000| Untracked 
|  73|0x00000000e4900000, 0x00000000e4900000, 0x00000000e4a00000|  0%| F|  |TAMS 0x00000000e4900000, 0x00000000e4900000| Untracked 
|  74|0x00000000e4a00000, 0x00000000e4a00000, 0x00000000e4b00000|  0%| F|  |TAMS 0x00000000e4a00000, 0x00000000e4a00000| Untracked 
|  75|0x00000000e4b00000, 0x00000000e4b00000, 0x00000000e4c00000|  0%| F|  |TAMS 0x00000000e4b00000, 0x00000000e4b00000| Untracked 
|  76|0x00000000e4c00000, 0x00000000e4c00000, 0x00000000e4d00000|  0%| F|  |TAMS 0x00000000e4c00000, 0x00000000e4c00000| Untracked 
|  77|0x00000000e4d00000, 0x00000000e4d00000, 0x00000000e4e00000|  0%| F|  |TAMS 0x00000000e4d00000, 0x00000000e4d00000| Untracked 
|  78|0x00000000e4e00000, 0x00000000e4e00000, 0x00000000e4f00000|  0%| F|  |TAMS 0x00000000e4e00000, 0x00000000e4e00000| Untracked 
|  79|0x00000000e4f00000, 0x00000000e4f00000, 0x00000000e5000000|  0%| F|  |TAMS 0x00000000e4f00000, 0x00000000e4f00000| Untracked 
|  80|0x00000000e5000000, 0x00000000e5000000, 0x00000000e5100000|  0%| F|  |TAMS 0x00000000e5000000, 0x00000000e5000000| Untracked 
|  81|0x00000000e5100000, 0x00000000e5100000, 0x00000000e5200000|  0%| F|  |TAMS 0x00000000e5100000, 0x00000000e5100000| Untracked 
|  82|0x00000000e5200000, 0x00000000e5200000, 0x00000000e5300000|  0%| F|  |TAMS 0x00000000e5200000, 0x00000000e5200000| Untracked 
|  83|0x00000000e5300000, 0x00000000e5300000, 0x00000000e5400000|  0%| F|  |TAMS 0x00000000e5300000, 0x00000000e5300000| Untracked 
|  84|0x00000000e5400000, 0x00000000e5400000, 0x00000000e5500000|  0%| F|  |TAMS 0x00000000e5400000, 0x00000000e5400000| Untracked 
|  85|0x00000000e5500000, 0x00000000e5500000, 0x00000000e5600000|  0%| F|  |TAMS 0x00000000e5500000, 0x00000000e5500000| Untracked 
|  86|0x00000000e5600000, 0x00000000e5600000, 0x00000000e5700000|  0%| F|  |TAMS 0x00000000e5600000, 0x00000000e5600000| Untracked 
|  87|0x00000000e5700000, 0x00000000e5700000, 0x00000000e5800000|  0%| F|  |TAMS 0x00000000e5700000, 0x00000000e5700000| Untracked 
|  88|0x00000000e5800000, 0x00000000e5800000, 0x00000000e5900000|  0%| F|  |TAMS 0x00000000e5800000, 0x00000000e5800000| Untracked 
|  89|0x00000000e5900000, 0x00000000e5900000, 0x00000000e5a00000|  0%| F|  |TAMS 0x00000000e5900000, 0x00000000e5900000| Untracked 
|  90|0x00000000e5a00000, 0x00000000e5a00000, 0x00000000e5b00000|  0%| F|  |TAMS 0x00000000e5a00000, 0x00000000e5a00000| Untracked 
|  91|0x00000000e5b00000, 0x00000000e5b00000, 0x00000000e5c00000|  0%| F|  |TAMS 0x00000000e5b00000, 0x00000000e5b00000| Untracked 
|  92|0x00000000e5c00000, 0x00000000e5c00000, 0x00000000e5d00000|  0%| F|  |TAMS 0x00000000e5c00000, 0x00000000e5c00000| Untracked 
|  93|0x00000000e5d00000, 0x00000000e5d00000, 0x00000000e5e00000|  0%| F|  |TAMS 0x00000000e5d00000, 0x00000000e5d00000| Untracked 
|  94|0x00000000e5e00000, 0x00000000e5e00000, 0x00000000e5f00000|  0%| F|  |TAMS 0x00000000e5e00000, 0x00000000e5e00000| Untracked 
|  95|0x00000000e5f00000, 0x00000000e5f00000, 0x00000000e6000000|  0%| F|  |TAMS 0x00000000e5f00000, 0x00000000e5f00000| Untracked 
|  96|0x00000000e6000000, 0x00000000e6000000, 0x00000000e6100000|  0%| F|  |TAMS 0x00000000e6000000, 0x00000000e6000000| Untracked 
|  97|0x00000000e6100000, 0x00000000e6100000, 0x00000000e6200000|  0%| F|  |TAMS 0x00000000e6100000, 0x00000000e6100000| Untracked 
|  98|0x00000000e6200000, 0x00000000e6200000, 0x00000000e6300000|  0%| F|  |TAMS 0x00000000e6200000, 0x00000000e6200000| Untracked 
|  99|0x00000000e6300000, 0x00000000e6300000, 0x00000000e6400000|  0%| F|  |TAMS 0x00000000e6300000, 0x00000000e6300000| Untracked 
| 100|0x00000000e6400000, 0x00000000e6400000, 0x00000000e6500000|  0%| F|  |TAMS 0x00000000e6400000, 0x00000000e6400000| Untracked 
| 101|0x00000000e6500000, 0x00000000e6500000, 0x00000000e6600000|  0%| F|  |TAMS 0x00000000e6500000, 0x00000000e6500000| Untracked 
| 102|0x00000000e6600000, 0x00000000e6600000, 0x00000000e6700000|  0%| F|  |TAMS 0x00000000e6600000, 0x00000000e6600000| Untracked 
| 103|0x00000000e6700000, 0x00000000e6700000, 0x00000000e6800000|  0%| F|  |TAMS 0x00000000e6700000, 0x00000000e6700000| Untracked 
| 104|0x00000000e6800000, 0x00000000e6800000, 0x00000000e6900000|  0%| F|  |TAMS 0x00000000e6800000, 0x00000000e6800000| Untracked 
| 105|0x00000000e6900000, 0x00000000e6900000, 0x00000000e6a00000|  0%| F|  |TAMS 0x00000000e6900000, 0x00000000e6900000| Untracked 
| 106|0x00000000e6a00000, 0x00000000e6a00000, 0x00000000e6b00000|  0%| F|  |TAMS 0x00000000e6a00000, 0x00000000e6a00000| Untracked 
| 107|0x00000000e6b00000, 0x00000000e6b00000, 0x00000000e6c00000|  0%| F|  |TAMS 0x00000000e6b00000, 0x00000000e6b00000| Untracked 
| 108|0x00000000e6c00000, 0x00000000e6c00000, 0x00000000e6d00000|  0%| F|  |TAMS 0x00000000e6c00000, 0x00000000e6c00000| Untracked 
| 109|0x00000000e6d00000, 0x00000000e6e00000, 0x00000000e6e00000|100%| E|  |TAMS 0x00000000e6d00000, 0x00000000e6d00000| Complete 
| 110|0x00000000e6e00000, 0x00000000e6f00000, 0x00000000e6f00000|100%| E|CS|TAMS 0x00000000e6e00000, 0x00000000e6e00000| Complete 
| 111|0x00000000e6f00000, 0x00000000e7000000, 0x00000000e7000000|100%| E|CS|TAMS 0x00000000e6f00000, 0x00000000e6f00000| Complete 
| 112|0x00000000e7000000, 0x00000000e7100000, 0x00000000e7100000|100%| E|CS|TAMS 0x00000000e7000000, 0x00000000e7000000| Complete 
| 113|0x00000000e7100000, 0x00000000e7200000, 0x00000000e7200000|100%| E|CS|TAMS 0x00000000e7100000, 0x00000000e7100000| Complete 
| 114|0x00000000e7200000, 0x00000000e7300000, 0x00000000e7300000|100%| E|CS|TAMS 0x00000000e7200000, 0x00000000e7200000| Complete 
| 115|0x00000000e7300000, 0x00000000e7400000, 0x00000000e7400000|100%| E|CS|TAMS 0x00000000e7300000, 0x00000000e7300000| Complete 
| 116|0x00000000e7400000, 0x00000000e74bb610, 0x00000000e7500000| 73%| S|CS|TAMS 0x00000000e7400000, 0x00000000e7400000| Complete 
| 117|0x00000000e7500000, 0x00000000e7600000, 0x00000000e7600000|100%| E|CS|TAMS 0x00000000e7500000, 0x00000000e7500000| Complete 
| 118|0x00000000e7600000, 0x00000000e7700000, 0x00000000e7700000|100%| E|CS|TAMS 0x00000000e7600000, 0x00000000e7600000| Complete 
| 119|0x00000000e7700000, 0x00000000e7800000, 0x00000000e7800000|100%| E|CS|TAMS 0x00000000e7700000, 0x00000000e7700000| Complete 
| 120|0x00000000e7800000, 0x00000000e7900000, 0x00000000e7900000|100%| E|CS|TAMS 0x00000000e7800000, 0x00000000e7800000| Complete 
| 121|0x00000000e7900000, 0x00000000e7a00000, 0x00000000e7a00000|100%| E|CS|TAMS 0x00000000e7900000, 0x00000000e7900000| Complete 
| 122|0x00000000e7a00000, 0x00000000e7b00000, 0x00000000e7b00000|100%| E|CS|TAMS 0x00000000e7a00000, 0x00000000e7a00000| Complete 
| 123|0x00000000e7b00000, 0x00000000e7c00000, 0x00000000e7c00000|100%| E|CS|TAMS 0x00000000e7b00000, 0x00000000e7b00000| Complete 
| 124|0x00000000e7c00000, 0x00000000e7d00000, 0x00000000e7d00000|100%| E|CS|TAMS 0x00000000e7c00000, 0x00000000e7c00000| Complete 
| 125|0x00000000e7d00000, 0x00000000e7e00000, 0x00000000e7e00000|100%| E|CS|TAMS 0x00000000e7d00000, 0x00000000e7d00000| Complete 

Card table byte_map: [0x000001847afa0000,0x000001847b0a0000] _byte_map_base: 0x000001847a8a0000

Marking Bits (Prev, Next): (CMBitMap*) 0x0000018473847cb0, (CMBitMap*) 0x0000018473847cf0
 Prev Bits: [0x000001847b1a0000, 0x000001847b9a0000)
 Next Bits: [0x000001847b9a0000, 0x000001847c1a0000)

Polling page: 0x00000184716f0000

Metaspace:

Usage:
  Non-class:      7.32 MB used.
      Class:      1.06 MB used.
       Both:      8.38 MB used.

Virtual space:
  Non-class space:        8.00 MB reserved,       7.44 MB ( 93%) committed,  1 nodes.
      Class space:        1.00 GB reserved,       1.19 MB ( <1%) committed,  1 nodes.
              Both:        1.01 GB reserved,       8.62 MB ( <1%) committed. 

Chunk freelists:
   Non-Class:  528.00 KB
       Class:  2.76 MB
        Both:  3.28 MB

MaxMetaspaceSize: 17179869184.00 GB
CompressedClassSpaceSize: 1.00 GB
 - commit_granule_bytes: 65536.
 - commit_granule_words: 8192.
 - virtual_space_node_default_size: 1048576.
 - enlarge_chunks_in_place: 1.
 - new_chunks_are_fully_committed: 0.
 - uncommit_free_chunks: 1.
 - use_allocation_guard: 0.
 - handle_deallocations: 1.


Internal statistics:

num_allocs_failed_limit: 0.
num_arena_births: 140.
num_arena_deaths: 0.
num_vsnodes_births: 2.
num_vsnodes_deaths: 0.
num_space_committed: 138.
num_space_uncommitted: 0.
num_chunks_returned_to_freelist: 0.
num_chunks_taken_from_freelist: 403.
num_chunk_merges: 0.
num_chunk_splits: 231.
num_chunks_enlarged: 145.
num_purges: 0.

CodeHeap 'non-profiled nmethods': size=120000Kb used=677Kb max_used=677Kb free=119322Kb
 bounds [0x0000018407ad0000, 0x0000018407d40000, 0x000001840f000000]
CodeHeap 'profiled nmethods': size=120000Kb used=3513Kb max_used=3513Kb free=116486Kb
 bounds [0x00000184005a0000, 0x0000018400910000, 0x0000018407ad0000]
CodeHeap 'non-nmethods': size=5760Kb used=1187Kb max_used=1227Kb free=4572Kb
 bounds [0x0000018400000000, 0x0000018400270000, 0x00000184005a0000]
 total_blobs=2310 nmethods=1834 adapters=388
 compilation: enabled
              stopped_count=0, restarted_count=0
 full_count=0

Compilation events (20 events):
Event: 1.889 Thread 0x000001847e7176c0 nmethod 1836 0x0000018407b71190 code [0x0000018407b71320, 0x0000018407b71418]
Event: 1.889 Thread 0x000001847e7176c0 1818   !   4       org.gradle.internal.remote.internal.inet.SocketConnection::dispatch (134 bytes)
Event: 1.893 Thread 0x000001847e7187b0 1842       3       java.util.concurrent.locks.AbstractQueuedSynchronizer$ConditionObject::enableWait (84 bytes)
Event: 1.893 Thread 0x000001847e7187b0 nmethod 1842 0x000001840090b110 code [0x000001840090b340, 0x000001840090baa8]
Event: 1.893 Thread 0x000001847e7187b0 1843   !   3       java.util.concurrent.ForkJoinPool::managedBlock (158 bytes)
Event: 1.895 Thread 0x000001847e7187b0 nmethod 1843 0x000001840090bd10 code [0x000001840090c020, 0x000001840090d8b8]
Event: 1.896 Thread 0x000001847e7187b0 1844       3       java.util.concurrent.locks.AbstractQueuedSynchronizer::enqueue (60 bytes)
Event: 1.897 Thread 0x000001847e7187b0 nmethod 1844 0x000001840090df10 code [0x000001840090e100, 0x000001840090e598]
Event: 2.075 Thread 0x000001847e7176c0 nmethod 1818 0x0000018407b71510 code [0x0000018407b71940, 0x0000018407b75840]
Event: 2.076 Thread 0x000001847e7176c0 1839       4       java.util.concurrent.locks.ReentrantLock$Sync::tryRelease (51 bytes)
Event: 2.077 Thread 0x000001847e7176c0 nmethod 1839 0x0000018407b78310 code [0x0000018407b784a0, 0x0000018407b785d8]
Event: 2.077 Thread 0x000001847e7176c0 1846       4       java.lang.StringUTF16::length (5 bytes)
Event: 2.078 Thread 0x000001847e7176c0 nmethod 1846 0x0000018407b78690 code [0x0000018407b78800, 0x0000018407b78878]
Event: 2.078 Thread 0x000001847e7176c0 1838       4       java.util.concurrent.locks.AbstractQueuedSynchronizer::signalNext (34 bytes)
Event: 2.080 Thread 0x000001847e7176c0 nmethod 1838 0x0000018407b78990 code [0x0000018407b78b20, 0x0000018407b78c08]
Event: 2.080 Thread 0x000001847e7176c0 1841       4       java.nio.ByteBuffer::<init> (47 bytes)
Event: 2.084 Thread 0x000001847e7176c0 nmethod 1841 0x0000018407b78d10 code [0x0000018407b78ea0, 0x0000018407b79198]
Event: 2.084 Thread 0x000001847e7176c0 1840       4       java.io.PrintStream::print (9 bytes)
Event: 2.085 Thread 0x000001847e7176c0 nmethod 1840 0x0000018407b79310 code [0x0000018407b794a0, 0x0000018407b79568]
Event: 2.085 Thread 0x000001847e7176c0 1820       4       java.io.BufferedReader::fill (170 bytes)

GC Heap History (4 events):
Event: 0.640 GC heap before
{Heap before GC invocations=0 (full 0):
 garbage-first heap   total 129024K, used 13312K [0x00000000e0000000, 0x0000000100000000)
  region size 1024K, 13 young (13312K), 0 survivors (0K)
 Metaspace       used 4827K, committed 5056K, reserved 1056768K
  class space    used 600K, committed 704K, reserved 1048576K
}
Event: 0.645 GC heap after
{Heap after GC invocations=1 (full 0):
 garbage-first heap   total 129024K, used 3947K [0x00000000e0000000, 0x0000000100000000)
  region size 1024K, 2 young (2048K), 2 survivors (2048K)
 Metaspace       used 4827K, committed 5056K, reserved 1056768K
  class space    used 600K, committed 704K, reserved 1048576K
}
Event: 0.987 GC heap before
{Heap before GC invocations=1 (full 0):
 garbage-first heap   total 129024K, used 13163K [0x00000000e0000000, 0x0000000100000000)
  region size 1024K, 11 young (11264K), 2 survivors (2048K)
 Metaspace       used 6924K, committed 7104K, reserved 1056768K
  class space    used 893K, committed 960K, reserved 1048576K
}
Event: 0.991 GC heap after
{Heap after GC invocations=2 (full 0):
 garbage-first heap   total 129024K, used 4931K [0x00000000e0000000, 0x0000000100000000)
  region size 1024K, 1 young (1024K), 1 survivors (1024K)
 Metaspace       used 6924K, committed 7104K, reserved 1056768K
  class space    used 893K, committed 960K, reserved 1048576K
}

Deoptimization events (20 events):
Event: 1.271 Thread 0x0000018473822a00 DEOPT PACKING pc=0x0000018407b093a4 sp=0x00000065aa3fb5e0
Event: 1.271 Thread 0x0000018473822a00 DEOPT UNPACKING pc=0x000001840004d72e sp=0x00000065aa3fb4c0 mode 2
Event: 1.271 Thread 0x0000018473822a00 Uncommon trap: trap_request=0xffffff45 fr.pc=0x0000018407b1b92c relative=0x000000000000038c
Event: 1.271 Thread 0x0000018473822a00 Uncommon trap: reason=unstable_if action=reinterpret pc=0x0000018407b1b92c method=java.lang.StringBuilder.toString()Ljava/lang/String; @ 4 c2
Event: 1.271 Thread 0x0000018473822a00 DEOPT PACKING pc=0x0000018407b1b92c sp=0x00000065aa3fb650
Event: 1.271 Thread 0x0000018473822a00 DEOPT UNPACKING pc=0x000001840004d72e sp=0x00000065aa3fb630 mode 2
Event: 1.546 Thread 0x0000018473822a00 DEOPT PACKING pc=0x00000184008a7e16 sp=0x00000065aa3fb390
Event: 1.546 Thread 0x0000018473822a00 DEOPT UNPACKING pc=0x000001840004dece sp=0x00000065aa3fa868 mode 0
Event: 1.548 Thread 0x0000018473822a00 DEOPT PACKING pc=0x00000184008a7e16 sp=0x00000065aa3fb390
Event: 1.548 Thread 0x0000018473822a00 DEOPT UNPACKING pc=0x000001840004dece sp=0x00000065aa3fa868 mode 0
Event: 1.550 Thread 0x0000018473822a00 DEOPT PACKING pc=0x00000184008a7e16 sp=0x00000065aa3fb390
Event: 1.550 Thread 0x0000018473822a00 DEOPT UNPACKING pc=0x000001840004dece sp=0x00000065aa3fa868 mode 0
Event: 1.552 Thread 0x0000018473822a00 DEOPT PACKING pc=0x00000184008a7e16 sp=0x00000065aa3fb390
Event: 1.552 Thread 0x0000018473822a00 DEOPT UNPACKING pc=0x000001840004dece sp=0x00000065aa3fa868 mode 0
Event: 1.553 Thread 0x0000018473822a00 DEOPT PACKING pc=0x00000184008a7e16 sp=0x00000065aa3fb390
Event: 1.553 Thread 0x0000018473822a00 DEOPT UNPACKING pc=0x000001840004dece sp=0x00000065aa3fa868 mode 0
Event: 1.554 Thread 0x0000018473822a00 DEOPT PACKING pc=0x00000184008a7e16 sp=0x00000065aa3fb390
Event: 1.554 Thread 0x0000018473822a00 DEOPT UNPACKING pc=0x000001840004dece sp=0x00000065aa3fa868 mode 0
Event: 1.626 Thread 0x000001847f7d60a0 DEOPT PACKING pc=0x00000184008a9892 sp=0x00000065abcfecc0
Event: 1.626 Thread 0x000001847f7d60a0 DEOPT UNPACKING pc=0x000001840004dece sp=0x00000065abcfe180 mode 0

Classes unloaded (0 events):
No events

Classes redefined (0 events):
No events

Internal exceptions (20 events):
Event: 0.882 Thread 0x0000018473822a00 Exception <a 'java/lang/NoSuchMethodError'{0x00000000e77daa50}: 'java.lang.Object java.lang.invoke.DirectMethodHandle$Holder.invokeInterface(java.lang.Object, java.lang.Object)'> (0x00000000e77daa50) 
thrown [t:\workspace\open\src\hotspot\share\interpreter\linkResolver.cpp, line 790]
Event: 0.900 Thread 0x0000018473822a00 Exception <a 'java/lang/NoSuchMethodError'{0x00000000e762c6c8}: 'java.lang.Object java.lang.invoke.DirectMethodHandle$Holder.invokeSpecialIFC(java.lang.Object, java.lang.Object, java.lang.Object, java.lang.Object)'> (0x00000000e762c6c8) 
thrown [t:\workspace\open\src\hotspot\share\interpreter\linkResolver.cpp, line 790]
Event: 0.932 Thread 0x0000018473822a00 Exception <a 'java/lang/NoSuchMethodError'{0x00000000e76cf938}: 'java.lang.Object java.lang.invoke.DirectMethodHandle$Holder.newInvokeSpecial(java.lang.Object, java.lang.Object, java.lang.Object, java.lang.Object, java.lang.Object, java.lang.Object)'> (0x00000000e76cf938) 
thrown [t:\workspace\open\src\hotspot\share\interpreter\linkResolver.cpp, line 790]
Event: 0.937 Thread 0x0000018473822a00 Exception <a 'java/lang/NoSuchMethodError'{0x00000000e7518170}: 'void java.lang.invoke.DirectMethodHandle$Holder.invokeInterface(java.lang.Object, java.lang.Object, java.lang.Object, java.lang.Object, java.lang.Object)'> (0x00000000e7518170) 
thrown [t:\workspace\open\src\hotspot\share\interpreter\linkResolver.cpp, line 790]
Event: 0.938 Thread 0x0000018473822a00 Exception <a 'java/lang/IncompatibleClassChangeError'{0x00000000e751c2e8}: Found class java.lang.Object, but interface was expected> (0x00000000e751c2e8) 
thrown [t:\workspace\open\src\hotspot\share\interpreter\linkResolver.cpp, line 857]
Event: 0.959 Thread 0x0000018473822a00 Exception <a 'java/lang/IncompatibleClassChangeError'{0x00000000e7572148}: Found class java.lang.Object, but interface was expected> (0x00000000e7572148) 
thrown [t:\workspace\open\src\hotspot\share\interpreter\linkResolver.cpp, line 857]
Event: 0.968 Thread 0x0000018473822a00 Exception <a 'java/lang/NoSuchMethodError'{0x00000000e7592040}: 'void java.lang.invoke.DirectMethodHandle$Holder.invokeSpecial(java.lang.Object, java.lang.Object, java.lang.Object, java.lang.Object, java.lang.Object)'> (0x00000000e7592040) 
thrown [t:\workspace\open\src\hotspot\share\interpreter\linkResolver.cpp, line 790]
Event: 1.000 Thread 0x0000018473822a00 Exception <a 'java/lang/NoSuchMethodError'{0x00000000e7d2a868}: 'void java.lang.invoke.DirectMethodHandle$Holder.invokeInterface(java.lang.Object, java.lang.Object, java.lang.Object, java.lang.Object)'> (0x00000000e7d2a868) 
thrown [t:\workspace\open\src\hotspot\share\interpreter\linkResolver.cpp, line 790]
Event: 1.000 Thread 0x0000018473822a00 Exception <a 'java/lang/IncompatibleClassChangeError'{0x00000000e7d2e638}: Found class java.lang.Object, but interface was expected> (0x00000000e7d2e638) 
thrown [t:\workspace\open\src\hotspot\share\interpreter\linkResolver.cpp, line 857]
Event: 1.005 Thread 0x0000018473822a00 Exception <a 'java/lang/NoSuchMethodError'{0x00000000e7d48738}: 'void java.lang.invoke.DirectMethodHandle$Holder.invokeStatic(java.lang.Object, java.lang.Object, java.lang.Object, java.lang.Object)'> (0x00000000e7d48738) 
thrown [t:\workspace\open\src\hotspot\share\interpreter\linkResolver.cpp, line 790]
Event: 1.019 Thread 0x0000018473822a00 Exception <a 'java/lang/NoSuchMethodError'{0x00000000e7dddca8}: 'int java.lang.invoke.DirectMethodHandle$Holder.invokeStatic(java.lang.Object, java.lang.Object, java.lang.Object, java.lang.Object)'> (0x00000000e7dddca8) 
thrown [t:\workspace\open\src\hotspot\share\interpreter\linkResolver.cpp, line 790]
Event: 1.020 Thread 0x0000018473822a00 Exception <a 'java/lang/NoSuchMethodError'{0x00000000e7de1800}: 'java.lang.Object java.lang.invoke.Invokers$Holder.invokeExact_MT(java.lang.Object, java.lang.Object, java.lang.Object, java.lang.Object, java.lang.Object, java.lang.Object)'> (0x00000000e7de1800) 
thrown [t:\workspace\open\src\hotspot\share\interpreter\linkResolver.cpp, line 790]
Event: 1.063 Thread 0x0000018473822a00 Exception <a 'java/lang/NoSuchMethodError'{0x00000000e7b2e638}: 'int java.lang.invoke.DirectMethodHandle$Holder.invokeStaticInit(java.lang.Object, java.lang.Object, java.lang.Object)'> (0x00000000e7b2e638) 
thrown [t:\workspace\open\src\hotspot\share\interpreter\linkResolver.cpp, line 790]
Event: 1.086 Thread 0x0000018473822a00 Exception <a 'java/lang/NoSuchMethodError'{0x00000000e7bdaa30}: 'int java.lang.invoke.DirectMethodHandle$Holder.invokeStaticInit(java.lang.Object, java.lang.Object)'> (0x00000000e7bdaa30) 
thrown [t:\workspace\open\src\hotspot\share\interpreter\linkResolver.cpp, line 790]
Event: 1.092 Thread 0x0000018473822a00 Exception <a 'java/lang/NoSuchMethodError'{0x00000000e7a10690}: 'java.lang.Object java.lang.invoke.DirectMethodHandle$Holder.invokeVirtual(java.lang.Object, java.lang.Object, java.lang.Object)'> (0x00000000e7a10690) 
thrown [t:\workspace\open\src\hotspot\share\interpreter\linkResolver.cpp, line 790]
Event: 1.099 Thread 0x0000018473822a00 Exception <a 'java/lang/NoSuchMethodError'{0x00000000e7a1da58}: 'java.lang.Object java.lang.invoke.DirectMethodHandle$Holder.invokeInterface(java.lang.Object, java.lang.Object, java.lang.Object)'> (0x00000000e7a1da58) 
thrown [t:\workspace\open\src\hotspot\share\interpreter\linkResolver.cpp, line 790]
Event: 1.117 Thread 0x0000018473822a00 Exception <a 'java/lang/NoSuchMethodError'{0x00000000e7a5f400}: 'java.lang.Object java.lang.invoke.DirectMethodHandle$Holder.invokeInterface(java.lang.Object, java.lang.Object, java.lang.Object, java.lang.Object, java.lang.Object)'> (0x00000000e7a5f400) 
thrown [t:\workspace\open\src\hotspot\share\interpreter\linkResolver.cpp, line 790]
Event: 1.117 Thread 0x0000018473822a00 Exception <a 'java/lang/IncompatibleClassChangeError'{0x00000000e7a633f8}: Found class java.lang.Object, but interface was expected> (0x00000000e7a633f8) 
thrown [t:\workspace\open\src\hotspot\share\interpreter\linkResolver.cpp, line 857]
Event: 1.223 Thread 0x0000018473822a00 Implicit null exception at 0x0000018407b35340 to 0x0000018407b35bc8
Event: 1.269 Thread 0x0000018473822a00 Exception <a 'java/lang/NoSuchMethodError'{0x00000000e77b6418}: 'java.lang.Object java.lang.invoke.DirectMethodHandle$Holder.invokeStatic(java.lang.Object, int, java.lang.Object)'> (0x00000000e77b6418) 
thrown [t:\workspace\open\src\hotspot\share\interpreter\linkResolver.cpp, line 790]

Events (20 events):
Event: 1.255 loading class java/time/zone/TzdbZoneRulesProvider
Event: 1.255 loading class java/time/zone/TzdbZoneRulesProvider done
Event: 1.260 loading class java/time/zone/Ser
Event: 1.264 loading class java/time/zone/Ser done
Event: 1.265 loading class java/time/Month
Event: 1.265 loading class java/time/Month done
Event: 1.265 loading class java/time/DayOfWeek
Event: 1.266 loading class java/time/DayOfWeek done
Event: 1.266 loading class java/time/zone/ZoneOffsetTransitionRule$TimeDefinition
Event: 1.266 loading class java/time/zone/ZoneOffsetTransitionRule$TimeDefinition done
Event: 1.267 loading class java/time/zone/ZoneOffsetTransition
Event: 1.267 loading class java/time/zone/ZoneOffsetTransition done
Event: 1.268 loading class java/time/temporal/TemporalAdjusters
Event: 1.269 loading class java/time/temporal/TemporalAdjusters done
Event: 1.270 loading class java/time/zone/ZoneOffsetTransitionRule$1
Event: 1.270 loading class java/time/zone/ZoneOffsetTransitionRule$1 done
Event: 1.519 loading class jdk/internal/access/foreign/MemorySegmentProxy
Event: 1.524 loading class jdk/internal/access/foreign/MemorySegmentProxy done
Event: 1.697 Executing  VM operation: ICBufferFull
Event: 1.747 Executing  VM operation: ICBufferFull done


Dynamic libraries:
0x00007ff7c41d0000 - 0x00007ff7c41e0000 	C:\Program Files\Java\jdk-16.0.2\bin\java.exe
0x00007ff819f60000 - 0x00007ff81a169000 	C:\WINDOWS\SYSTEM32\ntdll.dll
0x00007ff819370000 - 0x00007ff81942d000 	C:\WINDOWS\System32\KERNEL32.DLL
0x00007ff8177b0000 - 0x00007ff817b24000 	C:\WINDOWS\System32\KERNELBASE.dll
0x00007ff817450000 - 0x00007ff817561000 	C:\WINDOWS\System32\ucrtbase.dll
0x00007ff80f250000 - 0x00007ff80f269000 	C:\Program Files\Java\jdk-16.0.2\bin\VCRUNTIME140.dll
0x00007ff80f1d0000 - 0x00007ff80f1e8000 	C:\Program Files\Java\jdk-16.0.2\bin\jli.dll
0x00007ff819550000 - 0x00007ff8195fe000 	C:\WINDOWS\System32\ADVAPI32.dll
0x00007ff819b90000 - 0x00007ff819c33000 	C:\WINDOWS\System32\msvcrt.dll
0x00007ff819430000 - 0x00007ff8194ce000 	C:\WINDOWS\System32\sechost.dll
0x00007ff817e70000 - 0x00007ff817f90000 	C:\WINDOWS\System32\RPCRT4.dll
0x00007ff819cc0000 - 0x00007ff819e6c000 	C:\WINDOWS\System32\USER32.dll
0x00007ff817780000 - 0x00007ff8177a6000 	C:\WINDOWS\System32\win32u.dll
0x00007ffffe480000 - 0x00007ffffe725000 	C:\WINDOWS\WinSxS\amd64_microsoft.windows.common-controls_6595b64144ccf1df_6.0.22000.120_none_9d947278b86cc467\COMCTL32.dll
0x00007ff819a70000 - 0x00007ff819a99000 	C:\WINDOWS\System32\GDI32.dll
0x00007ff817ce0000 - 0x00007ff817df2000 	C:\WINDOWS\System32\gdi32full.dll
0x00007ff8176e0000 - 0x00007ff81777d000 	C:\WINDOWS\System32\msvcp_win.dll
0x00007ff80a020000 - 0x00007ff80a02a000 	C:\WINDOWS\SYSTEM32\VERSION.dll
0x00007ff819ee0000 - 0x00007ff819f11000 	C:\WINDOWS\System32\IMM32.DLL
0x00007ff80f240000 - 0x00007ff80f24c000 	C:\Program Files\Java\jdk-16.0.2\bin\vcruntime140_1.dll
0x00007ffff5c00000 - 0x00007ffff5c91000 	C:\Program Files\Java\jdk-16.0.2\bin\msvcp140.dll
0x00007fffb4a10000 - 0x00007fffb55bb000 	C:\Program Files\Java\jdk-16.0.2\bin\server\jvm.dll
0x00007ff817fa0000 - 0x00007ff817fa8000 	C:\WINDOWS\System32\PSAPI.DLL
0x00007ffffe9c0000 - 0x00007ffffe9c9000 	C:\WINDOWS\SYSTEM32\WSOCK32.dll
0x00007ff817e00000 - 0x00007ff817e6f000 	C:\WINDOWS\System32\WS2_32.dll
0x00007ff80ecb0000 - 0x00007ff80ece3000 	C:\WINDOWS\SYSTEM32\WINMM.dll
0x00007ff8165c0000 - 0x00007ff8165d8000 	C:\WINDOWS\SYSTEM32\kernel.appcore.dll
0x00007ff80ed80000 - 0x00007ff80ed8a000 	C:\Program Files\Java\jdk-16.0.2\bin\jimage.dll
0x00007ff8064f0000 - 0x00007ff806711000 	C:\WINDOWS\SYSTEM32\DBGHELP.DLL
0x00007fffebab0000 - 0x00007fffebae1000 	C:\WINDOWS\SYSTEM32\dbgcore.DLL
0x00007ff817c60000 - 0x00007ff817cdf000 	C:\WINDOWS\System32\bcryptPrimitives.dll
0x00007ff804080000 - 0x00007ff8040a5000 	C:\Program Files\Java\jdk-16.0.2\bin\java.dll
0x00007ff8182d0000 - 0x00007ff818a7f000 	C:\WINDOWS\System32\SHELL32.dll
0x00007ff815580000 - 0x00007ff815de8000 	C:\WINDOWS\SYSTEM32\windows.storage.dll
0x00007ff818d90000 - 0x00007ff819108000 	C:\WINDOWS\System32\combase.dll
0x00007ff815410000 - 0x00007ff815576000 	C:\WINDOWS\SYSTEM32\wintypes.dll
0x00007ff819aa0000 - 0x00007ff819b8a000 	C:\WINDOWS\System32\SHCORE.dll
0x00007ff8194f0000 - 0x00007ff81954d000 	C:\WINDOWS\System32\shlwapi.dll
0x00007ff817380000 - 0x00007ff8173a1000 	C:\WINDOWS\SYSTEM32\profapi.dll
0x00007ff804b70000 - 0x00007ff804b89000 	C:\Program Files\Java\jdk-16.0.2\bin\net.dll
0x00007ff80f870000 - 0x00007ff80f97c000 	C:\WINDOWS\SYSTEM32\WINHTTP.dll
0x00007ff8169f0000 - 0x00007ff816a57000 	C:\WINDOWS\system32\mswsock.dll
0x00007ff804020000 - 0x00007ff804033000 	C:\Program Files\Java\jdk-16.0.2\bin\nio.dll
0x00007ff804000000 - 0x00007ff804018000 	C:\Program Files\Java\jdk-16.0.2\bin\zip.dll
0x00007ff806310000 - 0x00007ff806320000 	C:\Program Files\Java\jdk-16.0.2\bin\verify.dll
0x00007ff80eea0000 - 0x00007ff80eeae000 	C:\Program Files\Java\jdk-16.0.2\bin\sunmscapi.dll
0x00007ff817570000 - 0x00007ff8176d2000 	C:\WINDOWS\System32\CRYPT32.dll
0x00007ff816e00000 - 0x00007ff816e28000 	C:\WINDOWS\SYSTEM32\ncrypt.dll
0x00007ff816d70000 - 0x00007ff816da7000 	C:\WINDOWS\SYSTEM32\NTASN1.dll
0x00007ff80ee90000 - 0x00007ff80ee98000 	C:\WINDOWS\system32\wshunix.dll
0x00007ff816c30000 - 0x00007ff816c48000 	C:\WINDOWS\SYSTEM32\CRYPTSP.dll
0x00007ff816520000 - 0x00007ff816555000 	C:\WINDOWS\system32\rsaenh.dll
0x00007ff816ae0000 - 0x00007ff816b09000 	C:\WINDOWS\SYSTEM32\USERENV.dll
0x00007ff816e30000 - 0x00007ff816e57000 	C:\WINDOWS\SYSTEM32\bcrypt.dll
0x00007ff816c50000 - 0x00007ff816c5c000 	C:\WINDOWS\SYSTEM32\CRYPTBASE.dll
0x00007ff816080000 - 0x00007ff8160ad000 	C:\WINDOWS\SYSTEM32\IPHLPAPI.DLL
0x00007ff818d20000 - 0x00007ff818d29000 	C:\WINDOWS\System32\NSI.dll
0x00007ff80f850000 - 0x00007ff80f869000 	C:\WINDOWS\SYSTEM32\dhcpcsvc6.DLL
0x00007ff80fa80000 - 0x00007ff80fa9e000 	C:\WINDOWS\SYSTEM32\dhcpcsvc.DLL
0x00007ff8160b0000 - 0x00007ff816198000 	C:\WINDOWS\SYSTEM32\DNSAPI.dll

dbghelp: loaded successfully - version: 4.0.5 - missing functions: none
symbol engine: initialized successfully - sym options: 0x614 - pdb path: .;C:\Program Files\Java\jdk-16.0.2\bin;C:\WINDOWS\SYSTEM32;C:\WINDOWS\WinSxS\amd64_microsoft.windows.common-controls_6595b64144ccf1df_6.0.22000.120_none_9d947278b86cc467;C:\Program Files\Java\jdk-16.0.2\bin\server

VM Arguments:
jvm_args: -Dorg.gradle.internal.worker.tmpdir=C:\Users\Seyf_GOUMEIDA\IdeaProjects\kata\build\tmp\test\work -Dorg.gradle.native=false --add-opens=java.base/java.util=ALL-UNNAMED --add-opens=java.base/java.lang=ALL-UNNAMED -Xmx512m -Dfile.encoding=windows-1252 -Duser.country=US -Duser.language=en -Duser.variant -ea 
java_command: worker.org.gradle.process.internal.worker.GradleWorkerMain 'Gradle Test Executor 1'
java_class_path (initial): C:\\Users\\Seyf_GOUMEIDA\\.gradle\\caches\\7.3.3\\workerMain\\gradle-worker.jar;C:\\Users\\Seyf_GOUMEIDA\\IdeaProjects\\kata\\build\\classes\\kotlin\\test;C:\\Users\\Seyf_GOUMEIDA\\IdeaProjects\\kata\\build\\classes\\kotlin\\main;C:\\Users\\Seyf_GOUMEIDA\\.gradle\\caches\\modules-2\\files-2.1\\org.jetbrains.kotlin\\kotlin-stdlib-jdk8\\1.6.20\\dab8089bca6ac0e394c37281ea8cff2f99acd421\\kotlin-stdlib-jdk8-1.6.20.jar;C:\\Users\\Seyf_GOUMEIDA\\.gradle\\caches\\modules-2\\files-2.1\\org.jetbrains.kotlin\\kotlin-test-junit5\\1.6.20\\c5f357adf9a662303e9734f47233fc77bead676f\\kotlin-test-junit5-1.6.20.jar;C:\\Users\\Seyf_GOUMEIDA\\.gradle\\caches\\modules-2\\files-2.1\\org.jetbrains.kotlin\\kotlin-test\\1.6.20\\bb54acc81e266b7e763248f67773a49a82afd6f6\\kotlin-test-1.6.20.jar;C:\\Users\\Seyf_GOUMEIDA\\.gradle\\caches\\modules-2\\files-2.1\\com.github.stefanbirkner\\system-lambda\\1.2.0\\949a1f977d7287196301a6ec1ef2214e1c93981d\\system-lambda-1.2.0.jar;C:\\Users\\Seyf_GOUMEIDA\\.gradle\\caches\\modules-2\\files-2.1\\org.jetbrains.kotlin\\kotlin-stdlib-jdk7\\1.6.20\\f8629f336bad4001c89e9cffa5ef3d4b5d0f5e22\\kotlin-stdlib-jdk7-1.6.20.jar;C:\\Users\\Seyf_GOUMEIDA\\.gradle\\caches\\modules-2\\files-2.1\\org.jetbrains.kotlin\\kotlin-stdlib\\1.6.20\\6cedc143badbb4f1c6b7f5a340b04edff1743208\\kotlin-stdlib-1.6.20.jar;C:\\Users\\Seyf_GOUMEIDA\\.gradle\\caches\\modules-2\\files-2.1\\org.jetbrains.kotlin\\kotlin-stdlib-common\\1.6.20\\27b4562b6713d70f458c6d7ea39aadacb8e6a92b\\kotlin-stdlib-common-1.6.20.jar;C:\\Users\\Seyf_GOUMEIDA\\.gradle\\caches\\modules-2\\files-2.1\\org.jetbrains\\annotations\\13.0\\919f0dfe192fb4e063e7dacadee7f8bb9a2672a9\\annotations-13.0.jar;C:\\Users\\Seyf_GOUMEIDA\\.gradle\\caches\\modules-2\\files-2.1\\org.junit.jupiter\\junit-jupiter-api\\5.6.0\\f29e6318333d2303ce4965c9819cfad08de7d1e5\\junit-jupiter-api-5.6.0.jar;C:\\Users\\Seyf_GOUMEIDA\\.gradle\\caches\\modules-2\\files-2.1\\org.junit.platform\\junit-platform-engine\\1.6.0\\a3a
Launcher Type: SUN_STANDARD

[Global flags]
     intx CICompilerCount                          = 3                                         {product} {ergonomic}
     uint ConcGCThreads                            = 1                                         {product} {ergonomic}
     uint G1ConcRefinementThreads                  = 4                                         {product} {ergonomic}
   size_t G1HeapRegionSize                         = 1048576                                   {product} {ergonomic}
    uintx GCDrainStackTargetSize                   = 64                                        {product} {ergonomic}
   size_t InitialHeapSize                          = 132120576                                 {product} {ergonomic}
   size_t MarkStackSize                            = 4194304                                   {product} {ergonomic}
   size_t MaxHeapSize                              = 536870912                                 {product} {command line}
   size_t MaxNewSize                               = 321912832                                 {product} {ergonomic}
   size_t MinHeapDeltaBytes                        = 1048576                                   {product} {ergonomic}
   size_t MinHeapSize                              = 8388608                                   {product} {ergonomic}
    uintx NonNMethodCodeHeapSize                   = 5832780                                {pd product} {ergonomic}
    uintx NonProfiledCodeHeapSize                  = 122912730                              {pd product} {ergonomic}
    uintx ProfiledCodeHeapSize                     = 122912730                              {pd product} {ergonomic}
    uintx ReservedCodeCacheSize                    = 251658240                              {pd product} {ergonomic}
     bool SegmentedCodeCache                       = true                                      {product} {ergonomic}
   size_t SoftMaxHeapSize                          = 536870912                              {manageable} {ergonomic}
     bool UseCompressedClassPointers               = true                           {product lp64_product} {ergonomic}
     bool UseCompressedOops                        = true                           {product lp64_product} {ergonomic}
     bool UseG1GC                                  = true                                      {product} {ergonomic}
     bool UseLargePagesIndividualAllocation        = false                                  {pd product} {ergonomic}

Logging:
Log output configuration:
 #0: stdout all=warning uptime,level,tags
 #1: stderr all=off uptime,level,tags

Environment Variables:
JAVA_HOME=PROGRA~1\Java\JDK-16~1.2
PATH=C:\Program Files\Common Files\Oracle\Java\javapath;C:\Users\Seyf_GOUMEIDA\AppData\Roaming\ActiveState\bin;C:\Windows\system32;C:\Windows;C:\Windows\System32\Wbem;C:\Windows\System32\WindowsPowerShell\v1.0\;C:\Windows\System32\OpenSSH\;C:\Program Files\Git\cmd;C:\Program Files\TreeTagger\bin;C:\Program Files\Java\jdk-16.0.2\bin;C:\hadoop\bin;C:\hadoop\sbin;;C:\WINDOWS\system32;C:\WINDOWS;C:\WINDOWS\System32\Wbem;C:\WINDOWS\System32\WindowsPowerShell\v1.0\;C:\WINDOWS\System32\OpenSSH\;C:\Program Files\dotnet\;C:\Users\Seyf_GOUMEIDA\AppData\Local\Microsoft\WindowsApps;C:\Users\Seyf_GOUMEIDA\AppData\Local\GitHubDesktop\bin;C:\Users\Seyf_GOUMEIDA\AppData\Local\Programs\MiKTeX\miktex\bin\x64\;C:\Users\Seyf_GOUMEIDA\AppData\Local\Programs\Microsoft VS Code\bin;C:\Program Files\TreeTagger\bin;;C:\Program Files\JetBrains\PyCharm Community Edition 2021.3.2\bin;;C:\Program Files\JetBrains\IntelliJ IDEA 2022.1\bin;
USERNAME=Seyf_GOUMEIDA
OS=Windows_NT
PROCESSOR_IDENTIFIER=Intel64 Family 6 Model 142 Stepping 12, GenuineIntel



---------------  S Y S T E M  ---------------

OS:
 Windows 10 , 64 bit Build 22000 (10.0.22000.613)
OS uptime: 1 days 9:03 hours

CPU: total 4 (initial active 4) (2 cores per cpu, 2 threads per core) family 6 model 142 stepping 12 microcode 0xea, cx8, cmov, fxsr, ht, mmx, 3dnowpref, sse, sse2, sse3, ssse3, sse4.1, sse4.2, popcnt, lzcnt, tsc, tscinvbit, avx, avx2, aes, erms, clmul, bmi1, bmi2, adx, fma, vzeroupper, clflush, clflushopt

Memory: 4k page, system-wide physical 7953M (295M free)
TotalPageFile size 18889M (AvailPageFile size 4M)
current process WorkingSet (physical memory assigned to process): 81M, peak: 83M
current process commit charge ("private bytes"): 223M, peak: 224M

vm_info: Java HotSpot(TM) 64-Bit Server VM (16.0.2+7-67) for windows-amd64 JRE (16.0.2+7-67), built on Jun  8 2021 23:24:19 by "mach5one" with MS VC++ 16.7 (VS2019)

END.
